[0823/063203.623:ERROR:content\public\browser\web_contents_delegate.cc:300] WebContentsDelegate::CheckMediaAccessPermission: Not supported.
[0823/063203.624:ERROR:content\public\browser\web_contents_delegate.cc:300] WebContentsDelegate::CheckMediaAccessPermission: Not supported.
[0823/063203.812:INFO:CONSOLE:343] "[GroupMarkerNotSet(crbug.com/242999)!:A04028003C7A0000]Automatic fallback to software WebGL has been deprecated. Please use the --enable-unsafe-swiftshader (about:flags#enable-unsafe-swiftshader) flag to opt in to lower security guarantees for trusted content.", source: https://x.com/home (343)
[0823/063203.813:INFO:CONSOLE:343] "[GroupMarkerNotSet(crbug.com/242999)!:A07028003C7A0000]Automatic fallback to software WebGL has been deprecated. Please use the --enable-unsafe-swiftshader (about:flags#enable-unsafe-swiftshader) flag to opt in to lower security guarantees for trusted content.", source: https://x.com/home (343)
[0823/063203.819:INFO:CONSOLE:355] "No available adapters.", source: https://x.com/home (355)
[0823/063203.880:INFO:CONSOLE:0] "[GroupMarkerNotSet(crbug.com/242999)!:A0D028003C7A0000]Automatic fallback to software WebGL has been deprecated. Please use the --enable-unsafe-swiftshader (about:flags#enable-unsafe-swiftshader) flag to opt in to lower security guarantees for trusted content.", source: https://x.com/home (0)
[0823/063203.883:INFO:CONSOLE:1] "Error", source: https://abs.twimg.com/responsive-web/client-web/main.9ed85fea.js (1)
[0823/063254.654:ERROR:content\public\browser\web_contents_delegate.cc:300] WebContentsDelegate::CheckMediaAccessPermission: Not supported.
[0823/063254.654:ERROR:content\public\browser\web_contents_delegate.cc:300] WebContentsDelegate::CheckMediaAccessPermission: Not supported.
[0823/063254.762:INFO:CONSOLE:0] "[GroupMarkerNotSet(crbug.com/242999)!:A04028003C7A0000]Automatic fallback to software WebGL has been deprecated. Please use the --enable-unsafe-swiftshader (about:flags#enable-unsafe-swiftshader) flag to opt in to lower security guarantees for trusted content.", source: https://x.com/home (0)
[0823/063254.763:INFO:CONSOLE:0] "[GroupMarkerNotSet(crbug.com/242999)!:A07028003C7A0000]Automatic fallback to software WebGL has been deprecated. Please use the --enable-unsafe-swiftshader (about:flags#enable-unsafe-swiftshader) flag to opt in to lower security guarantees for trusted content.", source: https://x.com/home (0)
[0823/063254.766:INFO:CONSOLE:0] "No available adapters.", source: https://x.com/home (0)
[0823/063254.776:INFO:CONSOLE:0] "[GroupMarkerNotSet(crbug.com/242999)!:A0D028003C7A0000]Automatic fallback to software WebGL has been deprecated. Please use the --enable-unsafe-swiftshader (about:flags#enable-unsafe-swiftshader) flag to opt in to lower security guarantees for trusted content.", source: https://x.com/home (0)
[0823/063254.778:INFO:CONSOLE:1] "Error", source: https://abs.twimg.com/responsive-web/client-web/main.9ed85fea.js (1)
[0823/063343.409:ERROR:content\public\browser\web_contents_delegate.cc:300] WebContentsDelegate::CheckMediaAccessPermission: Not supported.
[0823/063343.409:ERROR:content\public\browser\web_contents_delegate.cc:300] WebContentsDelegate::CheckMediaAccessPermission: Not supported.
[0823/063343.420:INFO:CONSOLE:343] "[GroupMarkerNotSet(crbug.com/242999)!:A04028003C7A0000]Automatic fallback to software WebGL has been deprecated. Please use the --enable-unsafe-swiftshader (about:flags#enable-unsafe-swiftshader) flag to opt in to lower security guarantees for trusted content.", source: https://x.com/home (343)
[0823/063343.420:INFO:CONSOLE:343] "[GroupMarkerNotSet(crbug.com/242999)!:A07028003C7A0000]Automatic fallback to software WebGL has been deprecated. Please use the --enable-unsafe-swiftshader (about:flags#enable-unsafe-swiftshader) flag to opt in to lower security guarantees for trusted content.", source: https://x.com/home (343)
[0823/063343.459:INFO:CONSOLE:0] "No available adapters.", source: https://x.com/home (0)
[0823/063343.479:INFO:CONSOLE:0] "[GroupMarkerNotSet(crbug.com/242999)!:A0D028003C7A0000]Automatic fallback to software WebGL has been deprecated. Please use the --enable-unsafe-swiftshader (about:flags#enable-unsafe-swiftshader) flag to opt in to lower security guarantees for trusted content.", source: https://x.com/home (0)
[0823/063343.480:INFO:CONSOLE:1] "Error", source: https://abs.twimg.com/responsive-web/client-web/main.9ed85fea.js (1)
